2026-02-10 20:12:30,905 - app.py:314 - INFO - Update All triggered
2026-02-10 20:12:30,906 - app.py:326 - INFO - Starting staggered update...
2026-02-10 20:12:31,585 - fedora.py:80 - INFO - [Fedora Workstation] Selected Version: 43
2026-02-10 20:12:31,748 - fedora.py:80 - INFO - [Fedora KDE Plasma] Selected Version: 43
2026-02-10 20:12:31,929 - fedora.py:67 - WARNING - [Fedora Cinnamon] No primary match in JSON.
2026-02-10 20:12:31,929 - fedora.py:70 - INFO - [Fedora Cinnamon] Retrying with Workstation as generic fallback source...
2026-02-10 20:12:31,929 - fedora.py:80 - INFO - [Fedora Cinnamon] Selected Version: 43
2026-02-10 20:12:32,137 - fedora.py:67 - WARNING - [Fedora Xfce] No primary match in JSON.
2026-02-10 20:12:32,137 - fedora.py:70 - INFO - [Fedora Xfce] Retrying with Workstation as generic fallback source...
2026-02-10 20:12:32,137 - fedora.py:80 - INFO - [Fedora Xfce] Selected Version: 43
2026-02-10 20:12:32,415 - fedora.py:67 - WARNING - [Fedora Budgie] No primary match in JSON.
2026-02-10 20:12:32,415 - fedora.py:70 - INFO - [Fedora Budgie] Retrying with Workstation as generic fallback source...
2026-02-10 20:12:32,415 - fedora.py:80 - INFO - [Fedora Budgie] Selected Version: 43
2026-02-10 20:12:32,512 - ubuntu.py:85 - INFO - [Ubuntu Desktop] FOUND ISO: https://releases.ubuntu.com/25.10/ubuntu-25.10-desktop-amd64.iso
2026-02-10 20:12:32,537 - recipe.py:40 - WARNING -   > Response: ...
2026-02-10 20:12:32,600 - recipe.py:40 - WARNING -   > Response: ...
2026-02-10 20:12:32,679 - recipe.py:40 - WARNING -   > Response: ...
2026-02-10 20:12:32,687 - recipe.py:40 - WARNING -   > Response: <!DOCTYPE HTML PUBLIC "-//IETF//DTD HTML 2.0//EN">
<html><head>
<title>404 Not Found</title>
</head><body>
<h1>Not Found</h1>
<p>The requested URL was not found on this server.</p>
<hr>
<address>Apach...
2026-02-10 20:12:32,834 - ubuntu.py:85 - INFO - [Ubuntu Kubuntu] FOUND ISO: https://cdimage.ubuntu.com/kubuntu/releases/25.10/release/kubuntu-25.10-desktop-amd64.iso
2026-02-10 20:12:32,853 - recipe.py:40 - WARNING -   > Response: ...
2026-02-10 20:12:32,853 - recipe.py:40 - WARNING -   > Response: <!DOCTYPE HTML PUBLIC "-//IETF//DTD HTML 2.0//EN">
<html><head>
<title>404 Not Found</title>
</head><body>
<h1>Not Found</h1>
<p>The requested URL was not found on this server.</p>
<hr>
<address>Apach...
2026-02-10 20:12:33,097 - recipe.py:40 - WARNING -   > Response: <!DOCTYPE HTML PUBLIC "-//IETF//DTD HTML 2.0//EN">
<html><head>
<title>404 Not Found</title>
</head><body>
<h1>Not Found</h1>
<p>The requested URL was not found on this server.</p>
<hr>
<address>Apach...
2026-02-10 20:12:33,098 - recipe.py:40 - WARNING -   > Response: ...
2026-02-10 20:12:33,158 - ubuntu.py:85 - INFO - [Ubuntu Lubuntu] FOUND ISO: https://cdimage.ubuntu.com/lubuntu/releases/25.10/release/lubuntu-25.10-desktop-amd64.iso
2026-02-10 20:12:33,202 - ubuntu.py:85 - INFO - [Ubuntu Xubuntu] FOUND ISO: https://cdimage.ubuntu.com/xubuntu/releases/25.10/release/xubuntu-25.10-desktop-amd64.iso
2026-02-10 20:12:33,433 - recipe.py:40 - WARNING -   > Response: <!DOCTYPE HTML PUBLIC "-//IETF//DTD HTML 2.0//EN">
<html><head>
<title>404 Not Found</title>
</head><body>
<h1>Not Found</h1>
<p>The requested URL was not found on this server.</p>
<hr>
<address>Apach...
2026-02-10 20:12:33,528 - ubuntu.py:85 - INFO - [Ubuntu Ubuntu MATE] FOUND ISO: https://cdimage.ubuntu.com/ubuntu-mate/releases/25.10/release/ubuntu-mate-25.10-desktop-amd64.iso
2026-02-10 20:12:33,541 - recipe.py:40 - WARNING -   > Response: <!DOCTYPE HTML PUBLIC "-//IETF//DTD HTML 2.0//EN">
<html><head>
<title>404 Not Found</title>
</head><body>
<h1>Not Found</h1>
<p>The requested URL was not found on this server.</p>
<hr>
<address>Apach...
2026-02-10 20:12:33,698 - ubuntu.py:85 - INFO - [Ubuntu Ubuntu Budgie] FOUND ISO: https://cdimage.ubuntu.com/ubuntu-budgie/releases/25.10/release/ubuntu-budgie-25.10-desktop-amd64.iso
2026-02-10 20:12:34,930 - beautiful.py:119 - INFO - [Pop!_OS Standard] Probing 22.04 builds...
2026-02-10 20:12:34,934 - beautiful.py:60 - INFO - [Zorin OS Core] Best RSS match: 16
2026-02-10 20:12:35,055 - beautiful.py:60 - INFO - [Zorin OS Lite] Best RSS match: 15.3
2026-02-10 20:12:35,108 - beautiful.py:90 - INFO - [KDE Neon] Found ISO: 20260205 -> https://files.kde.org/neon/images/user/current/neon-user-20260205-1320.iso
2026-02-10 20:12:35,130 - beautiful.py:119 - INFO - [Pop!_OS NVIDIA] Probing 22.04 builds...
2026-02-10 20:12:35,278 - beautiful.py:131 - INFO - [Pop!_OS Standard] Found valid build: 40
2026-02-10 20:12:35,433 - beautiful.py:131 - INFO - [Pop!_OS NVIDIA] Found valid build: 40
2026-02-10 20:12:35,482 - rolling.py:48 - INFO - [Arch Linux] Latest version dir: 2026.02.01/
2026-02-10 20:12:36,336 - lightweight.py:32 - INFO - [Puppy Linux BookwormPup64] Checking mirror: https://distro.ibiblio.org/puppylinux/
2026-02-10 20:12:36,432 - rolling.py:141 - INFO - [Manjaro Plasma] Found latest version: 26.0.2
2026-02-10 20:12:36,459 - rolling.py:220 - INFO - [EndeavourOS] Found ISO: EndeavourOS_Mercury-Neo-2025.03.19.iso
2026-02-10 20:12:36,537 - lightweight.py:32 - INFO - [Puppy Linux FossaPup64] Checking mirror: https://distro.ibiblio.org/puppylinux/
2026-02-10 20:12:37,383 - rolling.py:141 - INFO - [Manjaro Xfce] Found latest version: 26.0.2
2026-02-10 20:12:37,678 - rolling.py:141 - INFO - [Manjaro GNOME] Found latest version: 26.0.2
2026-02-10 20:12:46,650 - lightweight.py:144 - WARNING - [Puppy Linux BookwormPup64] Error checking mirror https://distro.ibiblio.org/puppylinux/: HTTPSConnectionPool(host='distro.ibiblio.org', port=443): Read timed out. (read timeout=10)
2026-02-10 20:12:46,651 - lightweight.py:32 - INFO - [Puppy Linux BookwormPup64] Checking mirror: https://ftp.nluug.nl/os/Linux/distr/puppylinux/
2026-02-10 20:12:47,874 - app.py:371 - INFO - All updates finished.
